# JRE version: Java(TM) SE Runtime Environment (8.0_11-b12) (build 1.8.0_11-b12)
# Java VM: Java HotSpot(TM) 64-Bit Server VM (25.11-b03 mixed mode linux-amd64 compressed oops)
Heap:
 def new generation   total 1152K, used 1106K [0x0000000082e00000, 0x0000000082f40000, 0x00000000ac950000)
  eden space 1024K,  95% used [0x0000000082e00000, 0x0000000082ef4878, 0x0000000082f00000)
  from space 128K, 100% used [0x0000000082f20000, 0x0000000082f40000, 0x0000000082f40000)
  to   space 128K,   0% used [0x0000000082f00000, 0x0000000082f00000, 0x0000000082f20000)
 tenured generation   total 127744K, used 15017K [0x00000000ac950000, 0x00000000b4610000, 0x0000000100000000)
   the space 127744K,  11% used [0x00000000ac950000, 0x00000000ad7fa4c8, 0x00000000ad7fa600, 0x00000000b4610000)
 Metaspace       used 12432K, capacity 12606K, committed 12928K, reserved 1060864K
  class space    used 1759K, capacity 1824K, committed 1920K, reserved 1048576K
GC Heap History (10 events):
Event: 0.858 GC heap before
{Heap before GC invocations=16 (full 0):
 def new generation   total 1152K, used 1151K [0x0000000082e00000, 0x0000000082f40000, 0x00000000ac950000)
  eden space 1024K, 100% used [0x0000000082e00000, 0x0000000082f00000, 0x0000000082f00000)
  from space 128K,  99% used [0x0000000082f00000, 0x0000000082f1fff8, 0x0000000082f20000)
  to   space 128K,   0% used [0x0000000082f20000, 0x0000000082f20000, 0x0000000082f40000)
 tenured generation   total 127744K, used 2198K [0x00000000ac950000, 0x00000000b4610000, 0x0000000100000000)
   the space 127744K,   1% used [0x00000000ac950000, 0x00000000acb759b0, 0x00000000acb75a00, 0x00000000b4610000)
 Metaspace       used 10776K, capacity 10932K, committed 11136K, reserved 1058816K
  class space    used 1582K, capacity 1627K, committed 1664K, reserved 1048576K
Event: 0.860 GC heap after
Heap after GC invocations=17 (full 0):
 def new generation   total 1152K, used 128K [0x0000000082e00000, 0x0000000082f40000, 0x00000000ac950000)
  eden space 1024K,   0% used [0x0000000082e00000, 0x0000000082e00000, 0x0000000082f00000)
  from space 128K, 100% used [0x0000000082f20000, 0x0000000082f40000, 0x0000000082f40000)
  to   space 128K,   0% used [0x0000000082f00000, 0x0000000082f00000, 0x0000000082f20000)
 tenured generation   total 127744K, used 2373K [0x00000000ac950000, 0x00000000b4610000, 0x0000000100000000)
   the space 127744K,   1% used [0x00000000ac950000, 0x00000000acba14d0, 0x00000000acba1600, 0x00000000b4610000)
 Metaspace       used 10776K, capacity 10932K, committed 11136K, reserved 1058816K
  class space    used 1582K, capacity 1627K, committed 1664K, reserved 1048576K
}
Event: 0.927 GC heap before
{Heap before GC invocations=17 (full 0):
 def new generation   total 1152K, used 1152K [0x0000000082e00000, 0x0000000082f40000, 0x00000000ac950000)
  eden space 1024K, 100% used [0x0000000082e00000, 0x0000000082f00000, 0x0000000082f00000)
  from space 128K, 100% used [0x0000000082f20000, 0x0000000082f40000, 0x0000000082f40000)
  to   space 128K,   0% used [0x0000000082f00000, 0x0000000082f00000, 0x0000000082f20000)
 tenured generation   total 127744K, used 2373K [0x00000000ac950000, 0x00000000b4610000, 0x0000000100000000)
   the space 127744K,   1% used [0x00000000ac950000, 0x00000000acba14d0, 0x00000000acba1600, 0x00000000b4610000)
 Metaspace       used 11188K, capacity 11380K, committed 11520K, reserved 1058816K
  class space    used 1645K, capacity 1691K, committed 1792K, reserved 1048576K
Event: 0.929 GC heap after
Heap after GC invocations=18 (full 0):
 def new generation   total 1152K, used 127K [0x0000000082e00000, 0x0000000082f40000, 0x00000000ac950000)
  eden space 1024K,   0% used [0x0000000082e00000, 0x0000000082e00000, 0x0000000082f00000)
  from space 128K,  99% used [0x0000000082f00000, 0x0000000082f1fff8, 0x0000000082f20000)
  to   space 128K,   0% used [0x0000000082f20000, 0x0000000082f20000, 0x0000000082f40000)
 tenured generation   total 127744K, used 2609K [0x00000000ac950000, 0x00000000b4610000, 0x0000000100000000)
   the space 127744K,   2% used [0x00000000ac950000, 0x00000000acbdc688, 0x00000000acbdc800, 0x00000000b4610000)
 Metaspace       used 11188K, capacity 11380K, committed 11520K, reserved 1058816K
  class space    used 1645K, capacity 1691K, committed 1792K, reserved 1048576K
}
Event: 0.990 GC heap before
{Heap before GC invocations=18 (full 0):
 def new generation   total 1152K, used 1151K [0x0000000082e00000, 0x0000000082f40000, 0x00000000ac950000)
  eden space 1024K, 100% used [0x0000000082e00000, 0x0000000082f00000, 0x0000000082f00000)
  from space 128K,  99% used [0x0000000082f00000, 0x0000000082f1fff8, 0x0000000082f20000)
  to   space 128K,   0% used [0x0000000082f20000, 0x0000000082f20000, 0x0000000082f40000)
 tenured generation   total 127744K, used 2609K [0x00000000ac950000, 0x00000000b4610000, 0x0000000100000000)
   the space 127744K,   2% used [0x00000000ac950000, 0x00000000acbdc688, 0x00000000acbdc800, 0x00000000b4610000)
 Metaspace       used 11556K, capacity 11836K, committed 12032K, reserved 1058816K
  class space    used 1686K, capacity 1759K, committed 1792K, reserved 1048576K
Event: 0.991 GC heap after
Heap after GC invocations=19 (full 0):
 def new generation   total 1152K, used 128K [0x0000000082e00000, 0x0000000082f40000, 0x00000000ac950000)
  eden space 1024K,   0% used [0x0000000082e00000, 0x0000000082e00000, 0x0000000082f00000)
  from space 128K, 100% used [0x0000000082f20000, 0x0000000082f40000, 0x0000000082f40000)
  to   space 128K,   0% used [0x0000000082f00000, 0x0000000082f00000, 0x0000000082f20000)
 tenured generation   total 127744K, used 2777K [0x00000000ac950000, 0x00000000b4610000, 0x0000000100000000)
   the space 127744K,   2% used [0x00000000ac950000, 0x00000000acc067e0, 0x00000000acc06800, 0x00000000b4610000)
 Metaspace       used 11556K, capacity 11836K, committed 12032K, reserved 1058816K
  class space    used 1686K, capacity 1759K, committed 1792K, reserved 1048576K
}
Event: 1.136 GC heap before
{Heap before GC invocations=19 (full 0):
 def new generation   total 1152K, used 1152K [0x0000000082e00000, 0x0000000082f40000, 0x00000000ac950000)
  eden space 1024K, 100% used [0x0000000082e00000, 0x0000000082f00000, 0x0000000082f00000)
  from space 128K, 100% used [0x0000000082f20000, 0x0000000082f40000, 0x0000000082f40000)
  to   space 128K,   0% used [0x0000000082f00000, 0x0000000082f00000, 0x0000000082f20000)
 tenured generation   total 127744K, used 4652K [0x00000000ac950000, 0x00000000b4610000, 0x0000000100000000)
   the space 127744K,   3% used [0x00000000ac950000, 0x00000000acddb3f0, 0x00000000acddb400, 0x00000000b4610000)
 Metaspace       used 11934K, capacity 12126K, committed 12288K, reserved 1060864K
  class space    used 1731K, capacity 1792K, committed 1792K, reserved 1048576K
Event: 1.137 GC heap after
Heap after GC invocations=20 (full 0):
 def new generation   total 1152K, used 126K [0x0000000082e00000, 0x0000000082f40000, 0x00000000ac950000)
  eden space 1024K,   0% used [0x0000000082e00000, 0x0000000082e00000, 0x0000000082f00000)
  from space 128K,  98% used [0x0000000082f00000, 0x0000000082f1f9d0, 0x0000000082f20000)
  to   space 128K,   0% used [0x0000000082f20000, 0x0000000082f20000, 0x0000000082f40000)
 tenured generation   total 127744K, used 4762K [0x00000000ac950000, 0x00000000b4610000, 0x0000000100000000)
   the space 127744K,   3% used [0x00000000ac950000, 0x00000000acdf6bc8, 0x00000000acdf6c00, 0x00000000b4610000)
 Metaspace       used 11934K, capacity 12126K, committed 12288K, reserved 1060864K
  class space    used 1731K, capacity 1792K, committed 1792K, reserved 1048576K
}
Event: 1.225 GC heap before
{Heap before GC invocations=20 (full 0):
 def new generation   total 1152K, used 1150K [0x0000000082e00000, 0x0000000082f40000, 0x00000000ac950000)
  eden space 1024K, 100% used [0x0000000082e00000, 0x0000000082f00000, 0x0000000082f00000)
  from space 128K,  98% used [0x0000000082f00000, 0x0000000082f1f9d0, 0x0000000082f20000)
  to   space 128K,   0% used [0x0000000082f20000, 0x0000000082f20000, 0x0000000082f40000)
 tenured generation   total 127744K, used 14829K [0x00000000ac950000, 0x00000000b4610000, 0x0000000100000000)
   the space 127744K,  11% used [0x00000000ac950000, 0x00000000ad7cb7e8, 0x00000000ad7cb800, 0x00000000b4610000)
 Metaspace       used 12160K, capacity 12382K, committed 12544K, reserved 1060864K
  class space    used 1752K, capacity 1792K, committed 1792K, reserved 1048576K
Event: 1.226 GC heap after
Heap after GC invocations=21 (full 0):
 def new generation   total 1152K, used 128K [0x0000000082e00000, 0x0000000082f40000, 0x00000000ac950000)
  eden space 1024K,   0% used [0x0000000082e00000, 0x0000000082e00000, 0x0000000082f00000)
  from space 128K, 100% used [0x0000000082f20000, 0x0000000082f40000, 0x0000000082f40000)
  to   space 128K,   0% used [0x0000000082f00000, 0x0000000082f00000, 0x0000000082f20000)
 tenured generation   total 127744K, used 15017K [0x00000000ac950000, 0x00000000b4610000, 0x0000000100000000)
   the space 127744K,  11% used [0x00000000ac950000, 0x00000000ad7fa4c8, 0x00000000ad7fa600, 0x00000000b4610000)
 Metaspace       used 12160K, capacity 12382K, committed 12544K, reserved 1060864K
  class space    used 1752K, capacity 1792K, committed 1792K, reserved 1048576K
}

